<?xml version="1.0" encoding="UTF-8"?>
<testng-results ignored="0" total="2" passed="2" failed="0" skipped="0">
  <reporter-output>
  </reporter-output>
  <suite started-at="2026-05-29T18:49:38 IST" name="Suite" finished-at="2026-05-29T18:50:07 IST" duration-ms="29462">
    <groups>
    </groups>
    <test started-at="2026-05-29T18:49:38 IST" name="chromeTest" finished-at="2026-05-29T18:50:04 IST" duration-ms="25852">
      <class name="maintest.Basic">
        <test-method is-config="true" signature="setup(java.lang.String)[pri:0, instance:maintest.Basic@48bb62]" started-at="2026-05-29T18:49:38 IST" name="setup" finished-at="2026-05-29T18:49:41 IST" duration-ms="3442" status="PASS">
          <params>
            <param index="0">
              <value>
                <![CDATA[chrome]]>
              </value>
            </param>
          </params>
          <reporter-output>
          </reporter-output>
        </test-method> <!-- setup -->
        <test-method signature="register()[pri:0, instance:maintest.Basic@48bb62]" started-at="2026-05-29T18:49:41 IST" name="register" finished-at="2026-05-29T18:50:03 IST" duration-ms="21789" status="PASS">
          <reporter-output>
          </reporter-output>
        </test-method> <!-- register -->
        <test-method is-config="true" signature="tear()[pri:0, instance:maintest.Basic@48bb62]" started-at="2026-05-29T18:50:03 IST" name="tear" finished-at="2026-05-29T18:50:04 IST" duration-ms="574" status="PASS">
          <reporter-output>
          </reporter-output>
        </test-method> <!-- tear -->
      </class> <!-- maintest.Basic -->
    </test> <!-- chromeTest -->
    <test started-at="2026-05-29T18:49:38 IST" name="firefoxtest" finished-at="2026-05-29T18:50:07 IST" duration-ms="29462">
      <class name="maintest.Basic">
        <test-method is-config="true" signature="setup(java.lang.String)[pri:0, instance:maintest.Basic@52f27fbd]" started-at="2026-05-29T18:49:38 IST" name="setup" finished-at="2026-05-29T18:49:45 IST" duration-ms="6741" status="PASS">
          <params>
            <param index="0">
              <value>
                <![CDATA[firefox]]>
              </value>
            </param>
          </params>
          <reporter-output>
          </reporter-output>
        </test-method> <!-- setup -->
        <test-method signature="register()[pri:0, instance:maintest.Basic@52f27fbd]" started-at="2026-05-29T18:49:45 IST" name="register" finished-at="2026-05-29T18:50:07 IST" duration-ms="22664" status="PASS">
          <reporter-output>
          </reporter-output>
        </test-method> <!-- register -->
        <test-method is-config="true" signature="tear()[pri:0, instance:maintest.Basic@52f27fbd]" started-at="2026-05-29T18:50:07 IST" name="tear" finished-at="2026-05-29T18:50:07 IST" duration-ms="20" status="PASS">
          <reporter-output>
          </reporter-output>
        </test-method> <!-- tear -->
      </class> <!-- maintest.Basic -->
    </test> <!-- firefoxtest -->
  </suite> <!-- Suite -->
</testng-results>
